<testsuite failures="1" name="src/test/java/examples/users/users.feature" skipped="0" tests="2" time="1.475517">
  <testcase classname="src.test.java.examples.users.users" name="get all users and then get the first user by id" time="0.001695">
    <failure message="users.feature:7 - could not find or read file: DatosPrueba/DatosPrueba.csv">* url 'https://jsonplaceholder.typicode.com' .............................. passed
* dynamic expression evaluation failed: read('DatosPrueba/DatosPrueba.csv') . failed

Stack Trace:
com.intuit.karate.exception.KarateException: users.feature:7 - could not find or read file: DatosPrueba/DatosPrueba.csv&#13;
	at ✽.* dynamic expression evaluation failed: read('DatosPrueba/DatosPrueba.csv') (users.feature:7)</failure>
  </testcase>
  <testcase classname="src.test.java.examples.users.users" name="create a user and then get it by id" time="1.473822">
    <system-out>* url 'https://jsonplaceholder.typicode.com' .............................. passed
* dynamic expression evaluation failed: read('DatosPrueba/DatosPrueba.csv') . failed

Stack Trace:
com.intuit.karate.exception.KarateException: users.feature:7 - could not find or read file: DatosPrueba/DatosPrueba.csv&#13;
	at ✽.* dynamic expression evaluation failed: read('DatosPrueba/DatosPrueba.csv') (users.feature:7)&#13;

* url 'https://jsonplaceholder.typicode.com' .............................. passed
* def user = .............................................................. passed
Given url 'https://jsonplaceholder.typicode.com/users' .................... passed
And request user .......................................................... passed
When method post .......................................................... passed
Then status 201 ........................................................... passed
* def id = response.id .................................................... passed
* print 'created id is: ', id ............................................. passed</system-out>
  </testcase>
</testsuite>
